<?xml version="1.0" encoding="UTF-8"?>
<!-- Generated by org.testng.reporters.JUnitReportReporter -->
<testsuite skipped="0" hostname="DESKTOP-R1TG5S3" name="SeleniumDockerTest.SeleniumDocker.DockerGridTest2" tests="1" failures="0" timestamp="2020-04-24T17:35:09 IST" time="567.962" errors="0">
  <testcase name="test2" time="567.962" classname="SeleniumDockerTest.SeleniumDocker.DockerGridTest2"/>
  <system-out/>
</testsuite> <!-- SeleniumDockerTest.SeleniumDocker.DockerGridTest2 -->
