<?xml version="1.0" encoding="UTF-8"?>
<!-- Generated by org.testng.reporters.JUnitReportReporter -->
<testsuite skipped="0" hostname="DESKTOP-R1TG5S3" name="SeleniumDockerTest.SeleniumDocker.DockerGridTest3" tests="1" failures="0" timestamp="2020-04-24T17:35:09 IST" time="497.223" errors="0">
  <testcase name="test3" time="497.223" classname="SeleniumDockerTest.SeleniumDocker.DockerGridTest3"/>
  <system-out/>
</testsuite> <!-- SeleniumDockerTest.SeleniumDocker.DockerGridTest3 -->
