<?xml version="1.0" encoding="UTF-8"?>
<!-- Generated by org.testng.reporters.JUnitReportReporter -->
<testsuite skipped="1" hostname="DESKTOP-R1TG5S3" name="SeleniumDockerTest.SeleniumDocker.DockerGridTest3" tests="1" failures="0" timestamp="2020-04-25T06:56:34 IST" time="0.000" errors="0">
  <testcase name="test3" time="0.000" classname="SeleniumDockerTest.SeleniumDocker.DockerGridTest3">
    <skipped/>
  </testcase> <!-- test3 -->
  <system-out/>
</testsuite> <!-- SeleniumDockerTest.SeleniumDocker.DockerGridTest3 -->
